2021-05-31 22:17:00 [pool-2-thread-6] INFO  entity.factory.Van - thread sleep: Van{id=12, countOfBox=0, perishable=true, state=UNLOAD}
2021-05-31 22:17:00 [pool-2-thread-2] INFO  entity.factory.Van - thread sleep: Van{id=5, countOfBox=12, perishable=false, state=PASSING}
2021-05-31 22:17:00 [pool-2-thread-1] INFO  entity.factory.Van - thread sleep: Van{id=9, countOfBox=0, perishable=false, state=UNLOAD}
2021-05-31 22:17:00 [pool-2-thread-5] INFO  entity.factory.Van - thread sleep: Van{id=6, countOfBox=28, perishable=true, state=LOAD}
2021-05-31 22:17:00 [pool-2-thread-2] INFO  entity.factory.Van - thread started: Van{id=11, countOfBox=7, perishable=false, state=LOAD}
2021-05-31 22:17:00 [pool-2-thread-3] INFO  entity.factory.Van - thread started: Van{id=13, countOfBox=5, perishable=false, state=PASSING}
2021-05-31 22:17:00 [pool-2-thread-4] INFO  entity.factory.Van - thread sleep: Van{id=1, countOfBox=28, perishable=false, state=LOAD}
2021-05-31 22:17:00 [pool-2-thread-6] INFO  entity.factory.Van - thread started: Van{id=3, countOfBox=2, perishable=false, state=LOAD}
2021-05-31 22:17:02 [pool-2-thread-2] INFO  entity.factory.Van - thread sleep: Van{id=11, countOfBox=14, perishable=false, state=LOAD}
2021-05-31 22:17:02 [pool-2-thread-3] INFO  entity.factory.Van - thread sleep: Van{id=13, countOfBox=5, perishable=false, state=PASSING}
2021-05-31 22:17:02 [pool-2-thread-6] INFO  entity.factory.Van - thread sleep: Van{id=3, countOfBox=4, perishable=false, state=LOAD}
2021-05-31 22:17:13 [pool-2-thread-2] INFO  entity.factory.Van - thread started: Van{id=14, countOfBox=1, perishable=true, state=LOAD}
2021-05-31 22:17:13 [pool-2-thread-1] INFO  entity.factory.Van - thread started: Van{id=0, countOfBox=12, perishable=true, state=UNLOAD}
2021-05-31 22:17:13 [pool-2-thread-5] INFO  entity.factory.Van - thread started: Van{id=10, countOfBox=13, perishable=true, state=LOAD}
2021-05-31 22:17:13 [pool-2-thread-3] INFO  entity.factory.Van - thread started: Van{id=4, countOfBox=10, perishable=true, state=LOAD}
2021-05-31 22:17:13 [pool-2-thread-4] INFO  entity.factory.Van - thread started: Van{id=8, countOfBox=2, perishable=true, state=PASSING}
2021-05-31 22:17:13 [pool-2-thread-6] INFO  entity.factory.Van - thread started: Van{id=2, countOfBox=0, perishable=true, state=PASSING}
2021-05-31 22:17:15 [pool-2-thread-4] INFO  entity.factory.Van - thread sleep: Van{id=8, countOfBox=2, perishable=true, state=PASSING}
2021-05-31 22:17:15 [pool-2-thread-3] INFO  entity.factory.Van - thread sleep: Van{id=4, countOfBox=20, perishable=true, state=LOAD}
2021-05-31 22:17:15 [pool-2-thread-2] INFO  entity.factory.Van - thread sleep: Van{id=14, countOfBox=2, perishable=true, state=LOAD}
2021-05-31 22:17:15 [pool-2-thread-6] INFO  entity.factory.Van - thread sleep: Van{id=2, countOfBox=0, perishable=true, state=PASSING}
2021-05-31 22:17:15 [pool-2-thread-5] INFO  entity.factory.Van - thread sleep: Van{id=10, countOfBox=26, perishable=true, state=LOAD}
2021-05-31 22:17:15 [pool-2-thread-1] INFO  entity.factory.Van - thread sleep: Van{id=0, countOfBox=0, perishable=true, state=UNLOAD}
2021-05-31 22:17:15 [pool-2-thread-6] INFO  entity.factory.Van - thread started: Van{id=9, countOfBox=11, perishable=false, state=LOAD}
2021-05-31 22:17:15 [pool-2-thread-2] INFO  entity.factory.Van - thread started: Van{id=7, countOfBox=0, perishable=false, state=LOAD}
2021-05-31 22:17:15 [pool-2-thread-5] INFO  entity.factory.Van - thread started: Van{id=1, countOfBox=14, perishable=false, state=LOAD}
2021-05-31 22:17:15 [pool-2-thread-4] INFO  entity.factory.Van - thread started: Van{id=12, countOfBox=1, perishable=true, state=PASSING}
2021-05-31 22:17:15 [pool-2-thread-3] INFO  entity.factory.Van - thread started: Van{id=6, countOfBox=14, perishable=true, state=UNLOAD}
2021-05-31 22:17:15 [pool-2-thread-1] INFO  entity.factory.Van - thread started: Van{id=5, countOfBox=12, perishable=false, state=PASSING}
2021-05-31 22:17:17 [pool-2-thread-4] INFO  entity.factory.Van - thread sleep: Van{id=12, countOfBox=1, perishable=true, state=PASSING}
2021-05-31 22:17:17 [pool-2-thread-2] INFO  entity.factory.Van - thread sleep: Van{id=7, countOfBox=0, perishable=false, state=LOAD}
2021-05-31 22:17:17 [pool-2-thread-6] INFO  entity.factory.Van - thread sleep: Van{id=9, countOfBox=22, perishable=false, state=LOAD}
2021-05-31 22:17:17 [pool-2-thread-3] INFO  entity.factory.Van - thread sleep: Van{id=6, countOfBox=0, perishable=true, state=UNLOAD}
2021-05-31 22:17:17 [pool-2-thread-5] INFO  entity.factory.Van - thread sleep: Van{id=1, countOfBox=28, perishable=false, state=LOAD}
2021-05-31 22:17:17 [pool-2-thread-6] INFO  entity.factory.Van - thread started: Van{id=3, countOfBox=2, perishable=false, state=LOAD}
2021-05-31 22:17:17 [pool-2-thread-3] INFO  entity.factory.Van - thread started: Van{id=11, countOfBox=7, perishable=false, state=LOAD}
2021-05-31 22:17:17 [pool-2-thread-4] INFO  entity.factory.Van - thread started: Van{id=13, countOfBox=5, perishable=false, state=UNLOAD}
2021-05-31 22:17:17 [pool-2-thread-1] INFO  entity.factory.Van - thread sleep: Van{id=5, countOfBox=12, perishable=false, state=PASSING}
2021-05-31 22:17:43 [pool-2-thread-3] INFO  entity.factory.Van - thread started: Van{id=4, countOfBox=10, perishable=true, state=LOAD}
2021-05-31 22:17:43 [pool-2-thread-2] INFO  entity.factory.Van - thread started: Van{id=14, countOfBox=1, perishable=true, state=UNLOAD}
2021-05-31 22:17:43 [pool-2-thread-5] INFO  entity.factory.Van - thread started: Van{id=10, countOfBox=13, perishable=true, state=LOAD}
2021-05-31 22:17:43 [pool-2-thread-1] INFO  entity.factory.Van - thread started: Van{id=0, countOfBox=12, perishable=true, state=UNLOAD}
2021-05-31 22:17:43 [pool-2-thread-4] INFO  entity.factory.Van - thread started: Van{id=8, countOfBox=2, perishable=true, state=LOAD}
2021-05-31 22:17:43 [pool-2-thread-6] INFO  entity.factory.Van - thread started: Van{id=2, countOfBox=0, perishable=true, state=LOAD}
2021-05-31 22:17:45 [pool-2-thread-1] INFO  entity.factory.Van - thread sleep: Van{id=0, countOfBox=0, perishable=true, state=UNLOAD}
2021-05-31 22:17:45 [pool-2-thread-6] INFO  entity.factory.Van - thread sleep: Van{id=2, countOfBox=0, perishable=true, state=LOAD}
2021-05-31 22:17:45 [pool-2-thread-3] INFO  entity.factory.Van - thread sleep: Van{id=4, countOfBox=20, perishable=true, state=LOAD}
2021-05-31 22:17:45 [pool-2-thread-4] INFO  entity.factory.Van - thread sleep: Van{id=8, countOfBox=4, perishable=true, state=LOAD}
2021-05-31 22:17:45 [pool-2-thread-2] INFO  entity.factory.Van - thread sleep: Van{id=14, countOfBox=0, perishable=true, state=UNLOAD}
2021-05-31 22:17:45 [pool-2-thread-5] INFO  entity.factory.Van - thread sleep: Van{id=10, countOfBox=26, perishable=true, state=LOAD}
2021-05-31 22:17:45 [pool-2-thread-1] INFO  entity.factory.Van - thread started: Van{id=12, countOfBox=1, perishable=true, state=LOAD}
2021-05-31 22:17:45 [pool-2-thread-3] INFO  entity.factory.Van - thread started: Van{id=7, countOfBox=0, perishable=false, state=LOAD}
2021-05-31 22:17:45 [pool-2-thread-2] INFO  entity.factory.Van - thread started: Van{id=1, countOfBox=14, perishable=false, state=PASSING}
2021-05-31 22:17:45 [pool-2-thread-4] INFO  entity.factory.Van - thread started: Van{id=9, countOfBox=11, perishable=false, state=UNLOAD}
2021-05-31 22:17:45 [pool-2-thread-6] INFO  entity.factory.Van - thread started: Van{id=6, countOfBox=14, perishable=true, state=LOAD}
2021-05-31 22:17:45 [pool-2-thread-5] INFO  entity.factory.Van - thread started: Van{id=5, countOfBox=12, perishable=false, state=LOAD}
2021-05-31 22:17:47 [pool-2-thread-2] INFO  entity.factory.Van - thread sleep: Van{id=1, countOfBox=14, perishable=false, state=PASSING}
2021-05-31 22:17:47 [pool-2-thread-6] INFO  entity.factory.Van - thread sleep: Van{id=6, countOfBox=28, perishable=true, state=LOAD}
2021-05-31 22:17:47 [pool-2-thread-1] INFO  entity.factory.Van - thread sleep: Van{id=12, countOfBox=2, perishable=true, state=LOAD}
2021-05-31 22:17:47 [pool-2-thread-3] INFO  entity.factory.Van - thread sleep: Van{id=7, countOfBox=0, perishable=false, state=LOAD}
2021-05-31 22:17:47 [pool-2-thread-4] INFO  entity.factory.Van - thread sleep: Van{id=9, countOfBox=0, perishable=false, state=UNLOAD}
2021-05-31 22:17:47 [pool-2-thread-5] INFO  entity.factory.Van - thread sleep: Van{id=5, countOfBox=24, perishable=false, state=LOAD}
2021-05-31 22:17:47 [pool-2-thread-2] INFO  entity.factory.Van - thread started: Van{id=13, countOfBox=5, perishable=false, state=UNLOAD}
2021-05-31 22:17:47 [pool-2-thread-1] INFO  entity.factory.Van - thread started: Van{id=11, countOfBox=7, perishable=false, state=PASSING}
2021-05-31 22:17:47 [pool-2-thread-6] INFO  entity.factory.Van - thread started: Van{id=3, countOfBox=2, perishable=false, state=LOAD}
2021-05-31 22:17:49 [pool-2-thread-1] INFO  entity.factory.Van - thread sleep: Van{id=11, countOfBox=7, perishable=false, state=PASSING}
2021-05-31 22:17:49 [pool-2-thread-6] INFO  entity.factory.Van - thread sleep: Van{id=3, countOfBox=4, perishable=false, state=LOAD}
2021-05-31 22:17:49 [pool-2-thread-2] INFO  entity.factory.Van - thread sleep: Van{id=13, countOfBox=0, perishable=false, state=UNLOAD}
